{"/Users/emilia/Documents/Test_Prep/kmp-bymil-rn/app.js": {"path":"/Users/emilia/Documents/Test_Prep/kmp-bymil-rn/app.js","statementMap":{"0":{"start":{"line":1,"column":0},"end":{"line":3,"column":1}},"1":{"start":{"line":2,"column":2},"end":{"line":2,"column":29}},"2":{"start":{"line":4,"column":16},"end":{"line":4,"column":34}},"3":{"start":{"line":5,"column":12},"end":{"line":5,"column":21}},"4":{"start":{"line":6,"column":13},"end":{"line":6,"column":17}},"5":{"start":{"line":7,"column":13},"end":{"line":7,"column":28}},"6":{"start":{"line":8,"column":15},"end":{"line":8,"column":34}},"7":{"start":{"line":10,"column":0},"end":{"line":10,"column":16}},"8":{"start":{"line":11,"column":0},"end":{"line":11,"column":47}},"9":{"start":{"line":12,"column":0},"end":{"line":12,"column":23}},"10":{"start":{"line":13,"column":0},"end":{"line":13,"column":16}},"11":{"start":{"line":16,"column":0},"end":{"line":18,"column":2}},"12":{"start":{"line":17,"column":2},"end":{"line":17,"column":66}},"13":{"start":{"line":20,"column":0},"end":{"line":20,"column":20}}},"fnMap":{"0":{"name":"(anonymous_0)","decl":{"start":{"line":16,"column":17},"end":{"line":16,"column":18}},"loc":{"start":{"line":16,"column":23},"end":{"line":18,"column":1}},"line":16}},"branchMap":{"0":{"loc":{"start":{"line":1,"column":0},"end":{"line":3,"column":1}},"type":"if","locations":[{"start":{"line":1,"column":0},"end":{"line":3,"column":1}},{"start":{"line":1,"column":0},"end":{"line":3,"column":1}}],"line":1}},"s":{"0":1,"1":1,"2":1,"3":1,"4":1,"5":1,"6":1,"7":1,"8":1,"9":1,"10":1,"11":1,"12":1,"13":1},"f":{"0":1},"b":{"0":[1,0]},"_coverageSchema":"1a1c01bbd47fc00a2c39e90264f33305004495a9","hash":"dd9d3fff21d545e30ce229181702d1ffcca0ce02"}
,"/Users/emilia/Documents/Test_Prep/kmp-bymil-rn/controllers/articleController.js": {"path":"/Users/emilia/Documents/Test_Prep/kmp-bymil-rn/controllers/articleController.js","statementMap":{"0":{"start":{"line":1,"column":20},"end":{"line":1,"column":40}},"1":{"start":{"line":2,"column":15},"end":{"line":2,"column":35}},"2":{"start":{"line":3,"column":14},"end":{"line":3,"column":32}},"3":{"start":{"line":4,"column":14},"end":{"line":4,"column":25}},"4":{"start":{"line":8,"column":19},"end":{"line":13,"column":9}},"5":{"start":{"line":14,"column":8},"end":{"line":20,"column":10}},"6":{"start":{"line":16,"column":12},"end":{"line":16,"column":91}},"7":{"start":{"line":19,"column":12},"end":{"line":19,"column":28}},"8":{"start":{"line":24,"column":22},"end":{"line":24,"column":24}},"9":{"start":{"line":25,"column":23},"end":{"line":25,"column":25}},"10":{"start":{"line":26,"column":8},"end":{"line":29,"column":9}},"11":{"start":{"line":27,"column":12},"end":{"line":27,"column":39}},"12":{"start":{"line":28,"column":12},"end":{"line":28,"column":30}},"13":{"start":{"line":30,"column":24},"end":{"line":39,"column":9}},"14":{"start":{"line":40,"column":8},"end":{"line":43,"column":9}},"15":{"start":{"line":41,"column":12},"end":{"line":41,"column":48}},"16":{"start":{"line":42,"column":12},"end":{"line":42,"column":57}},"17":{"start":{"line":44,"column":8},"end":{"line":70,"column":10}},"18":{"start":{"line":46,"column":12},"end":{"line":66,"column":13}},"19":{"start":{"line":48,"column":16},"end":{"line":61,"column":18}},"20":{"start":{"line":55,"column":24},"end":{"line":55,"column":65}},"21":{"start":{"line":56,"column":24},"end":{"line":56,"column":48}},"22":{"start":{"line":57,"column":20},"end":{"line":57,"column":46}},"23":{"start":{"line":60,"column":20},"end":{"line":60,"column":36}},"24":{"start":{"line":63,"column":29},"end":{"line":63,"column":47}},"25":{"start":{"line":64,"column":16},"end":{"line":64,"column":46}},"26":{"start":{"line":65,"column":16},"end":{"line":65,"column":42}},"27":{"start":{"line":69,"column":12},"end":{"line":69,"column":28}},"28":{"start":{"line":74,"column":0},"end":{"line":74,"column":34}}},"fnMap":{"0":{"name":"(anonymous_0)","decl":{"start":{"line":7,"column":4},"end":{"line":7,"column":5}},"loc":{"start":{"line":7,"column":39},"end":{"line":21,"column":5}},"line":7},"1":{"name":"(anonymous_1)","decl":{"start":{"line":15,"column":14},"end":{"line":15,"column":15}},"loc":{"start":{"line":15,"column":24},"end":{"line":17,"column":9}},"line":15},"2":{"name":"(anonymous_2)","decl":{"start":{"line":18,"column":15},"end":{"line":18,"column":16}},"loc":{"start":{"line":18,"column":24},"end":{"line":20,"column":9}},"line":18},"3":{"name":"(anonymous_3)","decl":{"start":{"line":23,"column":4},"end":{"line":23,"column":5}},"loc":{"start":{"line":23,"column":38},"end":{"line":71,"column":5}},"line":23},"4":{"name":"(anonymous_4)","decl":{"start":{"line":45,"column":14},"end":{"line":45,"column":15}},"loc":{"start":{"line":45,"column":24},"end":{"line":67,"column":9}},"line":45},"5":{"name":"(anonymous_5)","decl":{"start":{"line":54,"column":22},"end":{"line":54,"column":23}},"loc":{"start":{"line":54,"column":32},"end":{"line":58,"column":17}},"line":54},"6":{"name":"(anonymous_6)","decl":{"start":{"line":59,"column":23},"end":{"line":59,"column":24}},"loc":{"start":{"line":59,"column":32},"end":{"line":61,"column":17}},"line":59},"7":{"name":"(anonymous_7)","decl":{"start":{"line":68,"column":15},"end":{"line":68,"column":16}},"loc":{"start":{"line":68,"column":22},"end":{"line":70,"column":9}},"line":68}},"branchMap":{"0":{"loc":{"start":{"line":26,"column":8},"end":{"line":29,"column":9}},"type":"if","locations":[{"start":{"line":26,"column":8},"end":{"line":29,"column":9}},{"start":{"line":26,"column":8},"end":{"line":29,"column":9}}],"line":26},"1":{"loc":{"start":{"line":40,"column":8},"end":{"line":43,"column":9}},"type":"if","locations":[{"start":{"line":40,"column":8},"end":{"line":43,"column":9}},{"start":{"line":40,"column":8},"end":{"line":43,"column":9}}],"line":40},"2":{"loc":{"start":{"line":46,"column":12},"end":{"line":66,"column":13}},"type":"if","locations":[{"start":{"line":46,"column":12},"end":{"line":66,"column":13}},{"start":{"line":46,"column":12},"end":{"line":66,"column":13}}],"line":46}},"s":{"0":1,"1":1,"2":1,"3":1,"4":1,"5":1,"6":1,"7":0,"8":1,"9":1,"10":1,"11":0,"12":0,"13":1,"14":1,"15":0,"16":0,"17":1,"18":1,"19":0,"20":0,"21":0,"22":0,"23":0,"24":1,"25":1,"26":1,"27":0,"28":1},"f":{"0":1,"1":1,"2":0,"3":1,"4":1,"5":0,"6":0,"7":0},"b":{"0":[0,1],"1":[0,1],"2":[0,1]},"_coverageSchema":"1a1c01bbd47fc00a2c39e90264f33305004495a9","hash":"fbe91889b45889f3b2bfc87adbf033ec803f2ee5"}
,"/Users/emilia/Documents/Test_Prep/kmp-bymil-rn/models/article.js": {"path":"/Users/emilia/Documents/Test_Prep/kmp-bymil-rn/models/article.js","statementMap":{"0":{"start":{"line":4,"column":4},"end":{"line":4,"column":24}},"1":{"start":{"line":5,"column":0},"end":{"line":26,"column":2}},"2":{"start":{"line":17,"column":2},"end":{"line":24,"column":5}},"3":{"start":{"line":25,"column":2},"end":{"line":25,"column":17}}},"fnMap":{"0":{"name":"(anonymous_0)","decl":{"start":{"line":5,"column":17},"end":{"line":5,"column":18}},"loc":{"start":{"line":5,"column":43},"end":{"line":26,"column":1}},"line":5},"1":{"name":"(anonymous_1)","decl":{"start":{"line":12,"column":4},"end":{"line":12,"column":5}},"loc":{"start":{"line":12,"column":29},"end":{"line":15,"column":5}},"line":12}},"branchMap":{},"s":{"0":1,"1":1,"2":1,"3":1},"f":{"0":1,"1":1},"b":{},"_coverageSchema":"1a1c01bbd47fc00a2c39e90264f33305004495a9","hash":"e68693271621525d47f67611ebb7e31ac2c8ed43"}
,"/Users/emilia/Documents/Test_Prep/kmp-bymil-rn/models/index.js": {"path":"/Users/emilia/Documents/Test_Prep/kmp-bymil-rn/models/index.js","statementMap":{"0":{"start":{"line":3,"column":11},"end":{"line":3,"column":24}},"1":{"start":{"line":4,"column":13},"end":{"line":4,"column":28}},"2":{"start":{"line":5,"column":18},"end":{"line":5,"column":38}},"3":{"start":{"line":6,"column":17},"end":{"line":6,"column":42}},"4":{"start":{"line":7,"column":12},"end":{"line":7,"column":49}},"5":{"start":{"line":8,"column":15},"end":{"line":8,"column":65}},"6":{"start":{"line":9,"column":11},"end":{"line":9,"column":13}},"7":{"start":{"line":12,"column":0},"end":{"line":16,"column":1}},"8":{"start":{"line":13,"column":2},"end":{"line":13,"column":74}},"9":{"start":{"line":15,"column":2},"end":{"line":15,"column":87}},"10":{"start":{"line":18,"column":0},"end":{"line":26,"column":5}},"11":{"start":{"line":21,"column":4},"end":{"line":21,"column":90}},"12":{"start":{"line":24,"column":18},"end":{"line":24,"column":85}},"13":{"start":{"line":25,"column":4},"end":{"line":25,"column":27}},"14":{"start":{"line":28,"column":0},"end":{"line":32,"column":3}},"15":{"start":{"line":29,"column":2},"end":{"line":31,"column":3}},"16":{"start":{"line":30,"column":4},"end":{"line":30,"column":32}},"17":{"start":{"line":34,"column":0},"end":{"line":34,"column":25}},"18":{"start":{"line":35,"column":0},"end":{"line":35,"column":25}},"19":{"start":{"line":37,"column":0},"end":{"line":37,"column":20}}},"fnMap":{"0":{"name":"(anonymous_0)","decl":{"start":{"line":20,"column":10},"end":{"line":20,"column":11}},"loc":{"start":{"line":20,"column":18},"end":{"line":22,"column":3}},"line":20},"1":{"name":"(anonymous_1)","decl":{"start":{"line":23,"column":11},"end":{"line":23,"column":12}},"loc":{"start":{"line":23,"column":19},"end":{"line":26,"column":3}},"line":23},"2":{"name":"(anonymous_2)","decl":{"start":{"line":28,"column":24},"end":{"line":28,"column":25}},"loc":{"start":{"line":28,"column":37},"end":{"line":32,"column":1}},"line":28}},"branchMap":{"0":{"loc":{"start":{"line":7,"column":12},"end":{"line":7,"column":49}},"type":"binary-expr","locations":[{"start":{"line":7,"column":12},"end":{"line":7,"column":32}},{"start":{"line":7,"column":36},"end":{"line":7,"column":49}}],"line":7},"1":{"loc":{"start":{"line":12,"column":0},"end":{"line":16,"column":1}},"type":"if","locations":[{"start":{"line":12,"column":0},"end":{"line":16,"column":1}},{"start":{"line":12,"column":0},"end":{"line":16,"column":1}}],"line":12},"2":{"loc":{"start":{"line":21,"column":11},"end":{"line":21,"column":89}},"type":"binary-expr","locations":[{"start":{"line":21,"column":12},"end":{"line":21,"column":35}},{"start":{"line":21,"column":41},"end":{"line":21,"column":58}},{"start":{"line":21,"column":64},"end":{"line":21,"column":88}}],"line":21},"3":{"loc":{"start":{"line":29,"column":2},"end":{"line":31,"column":3}},"type":"if","locations":[{"start":{"line":29,"column":2},"end":{"line":31,"column":3}},{"start":{"line":29,"column":2},"end":{"line":31,"column":3}}],"line":29}},"s":{"0":1,"1":1,"2":1,"3":1,"4":1,"5":1,"6":1,"7":1,"8":0,"9":1,"10":1,"11":2,"12":1,"13":1,"14":1,"15":1,"16":1,"17":1,"18":1,"19":1},"f":{"0":2,"1":1,"2":1},"b":{"0":[1,0],"1":[0,1],"2":[2,2,1],"3":[1,0]},"_coverageSchema":"1a1c01bbd47fc00a2c39e90264f33305004495a9","hash":"dd08c0f70021b036120a87bbea9fb0638229a75f"}
,"/Users/emilia/Documents/Test_Prep/kmp-bymil-rn/routes/articleRouter.js": {"path":"/Users/emilia/Documents/Test_Prep/kmp-bymil-rn/routes/articleRouter.js","statementMap":{"0":{"start":{"line":1,"column":15},"end":{"line":1,"column":42}},"1":{"start":{"line":2,"column":26},"end":{"line":2,"column":69}},"2":{"start":{"line":5,"column":0},"end":{"line":5,"column":53}},"3":{"start":{"line":6,"column":0},"end":{"line":6,"column":55}},"4":{"start":{"line":8,"column":0},"end":{"line":8,"column":23}}},"fnMap":{},"branchMap":{},"s":{"0":1,"1":1,"2":1,"3":1,"4":1},"f":{},"b":{},"_coverageSchema":"1a1c01bbd47fc00a2c39e90264f33305004495a9","hash":"2cac9f97440cc84c603a35118662010765ff6259"}
,"/Users/emilia/Documents/Test_Prep/kmp-bymil-rn/routes/index.js": {"path":"/Users/emilia/Documents/Test_Prep/kmp-bymil-rn/routes/index.js","statementMap":{"0":{"start":{"line":1,"column":15},"end":{"line":1,"column":42}},"1":{"start":{"line":2,"column":22},"end":{"line":2,"column":48}},"2":{"start":{"line":4,"column":0},"end":{"line":6,"column":2}},"3":{"start":{"line":5,"column":4},"end":{"line":5,"column":28}},"4":{"start":{"line":7,"column":0},"end":{"line":7,"column":25}},"5":{"start":{"line":9,"column":0},"end":{"line":9,"column":23}}},"fnMap":{"0":{"name":"(anonymous_0)","decl":{"start":{"line":4,"column":16},"end":{"line":4,"column":17}},"loc":{"start":{"line":4,"column":30},"end":{"line":6,"column":1}},"line":4}},"branchMap":{},"s":{"0":1,"1":1,"2":1,"3":0,"4":1,"5":1},"f":{"0":0},"b":{},"_coverageSchema":"1a1c01bbd47fc00a2c39e90264f33305004495a9","hash":"e617e9338b180ac2e35006bdbf00117a4b638751"}
}
